<?xml version="1.0" encoding="UTF-8"?>
<testsuite xmlns:xsi="http://www.w3.org/2001/XMLSchema-instance" xsi:noNamespaceSchemaLocation="https://maven.apache.org/surefire/maven-surefire-plugin/xsd/surefire-test-report.xsd" name="com.java.junit.MathUtilTest" time="0.035" tests="5" errors="0" skipped="0" failures="1">
  <properties>
[...]
</properties>
  <testcase name="testingAll" classname="com.java.junit.MathUtilTest" time="0.014"/>
  <testcase name="test" classname="com.java.junit.MathUtilTest" time="0"/>
  <testcase name="test1" classname="com.java.junit.MathUtilTest" time="0.001"/>
  <testcase name="devideTest" classname="com.java.junit.MathUtilTest" time="0.002"/>
  <testcase name="testPositive" classname="com.java.junit.MathUtilTest$MyNestedTest" time="0.01">
    <failure message="This is the internal message for add event ==&gt; expected: &lt;2&gt; but was: &lt;4&gt;" type="org.opentest4j.AssertionFailedError"><![CDATA[org.opentest4j.AssertionFailedError: This is the internal message for add event ==> expected: <2> but was: <4>
	at com.java.junit.MathUtilTest$MyNestedTest.testPositive(MathUtilTest.java:36)
]]></failure>
  </testcase>
</testsuite>